<?xml version="1.0" encoding="UTF-8"?>
<testsuite xmlns:xsi="http://www.w3.org/2001/XMLSchema-instance" xsi:noNamespaceSchemaLocation="https://maven.apache.org/surefire/maven-surefire-plugin/xsd/surefire-test-report-3.0.xsd" version="3.0" name="TestSuite" time="0.451" tests="4" errors="0" skipped="0" failures="0">
  <properties>
    <property name="java.specification.version" value="17"/>
    <property name="sun.cpu.isalist" value="amd64"/>
    <property name="sun.jnu.encoding" value="Cp1252"/>
    <property name="java.class.path" value="C:\Users\AtulKumar.Sharma\eclipse-workspace\myProject\target\test-classes;C:\Users\AtulKumar.Sharma\eclipse-workspace\myProject\target\classes;C:\Users\AtulKumar.Sharma\.m2\repository\org\testng\testng\7.6.1\testng-7.6.1.jar;C:\Users\AtulKumar.Sharma\.m2\repository\com\google\code\findbugs\jsr305\3.0.2\jsr305-3.0.2.jar;C:\Users\AtulKumar.Sharma\.m2\repository\org\slf4j\slf4j-api\1.7.36\slf4j-api-1.7.36.jar;C:\Users\AtulKumar.Sharma\.m2\repository\com\beust\jcommander\1.82\jcommander-1.82.jar;C:\Users\AtulKumar.Sharma\.m2\repository\org\webjars\jquery\3.6.0\jquery-3.6.0.jar;C:\Users\AtulKumar.Sharma\.m2\repository\io\cucumber\cucumber-java\7.8.0\cucumber-java-7.8.0.jar;C:\Users\AtulKumar.Sharma\.m2\repository\io\cucumber\cucumber-core\7.8.0\cucumber-core-7.8.0.jar;C:\Users\AtulKumar.Sharma\.m2\repository\io\cucumber\cucumber-gherkin\7.8.0\cucumber-gherkin-7.8.0.jar;C:\Users\AtulKumar.Sharma\.m2\repository\io\cucumber\cucumber-gherkin-messages\7.8.0\cucumber-gherkin-messages-7.8.0.jar;C:\Users\AtulKumar.Sharma\.m2\repository\io\cucumber\gherkin\24.0.0\gherkin-24.0.0.jar;C:\Users\AtulKumar.Sharma\.m2\repository\io\cucumber\messages\19.1.2\messages-19.1.2.jar;C:\Users\AtulKumar.Sharma\.m2\repository\io\cucumber\tag-expressions\4.1.0\tag-expressions-4.1.0.jar;C:\Users\AtulKumar.Sharma\.m2\repository\io\cucumber\cucumber-expressions\16.0.0\cucumber-expressions-16.0.0.jar;C:\Users\AtulKumar.Sharma\.m2\repository\io\cucumber\datatable\7.8.0\datatable-7.8.0.jar;C:\Users\AtulKumar.Sharma\.m2\repository\io\cucumber\cucumber-plugin\7.8.0\cucumber-plugin-7.8.0.jar;C:\Users\AtulKumar.Sharma\.m2\repository\io\cucumber\docstring\7.8.0\docstring-7.8.0.jar;C:\Users\AtulKumar.Sharma\.m2\repository\io\cucumber\html-formatter\20.1.0\html-formatter-20.1.0.jar;C:\Users\AtulKumar.Sharma\.m2\repository\io\cucumber\ci-environment\9.1.0\ci-environment-9.1.0.jar;C:\Users\AtulKumar.Sharma\.m2\repository\org\apiguardian\apiguardian-api\1.1.2\apiguardian-api-1.1.2.jar;"/>
    <property name="java.vm.vendor" value="Oracle Corporation"/>
    <property name="sun.arch.data.model" value="64"/>
    <property name="user.variant" value=""/>
    <property name="java.vendor.url" value="https://java.oracle.com/"/>
    <property name="user.timezone" value="America/Toronto"/>
    <property name="os.name" value="Windows 10"/>
    <property name="java.vm.specification.version" value="17"/>
    <property name="sun.java.launcher" value="SUN_STANDARD"/>
    <property name="user.country" value="CA"/>
    <property name="sun.boot.library.path" value="C:\Program Files\Java\jdk-17.0.1\bin"/>
    <property name="sun.java.command" value="C:\Users\AtulKumar.Sharma\AppData\Local\Temp\surefire12538337909933322056\surefirebooter-20220920004845829_3.jar C:\Users\AtulKumar.Sharma\AppData\Local\Temp\surefire12538337909933322056 2022-09-20T00-48-45_491-jvmRun1 surefire-20220920004845829_1tmp surefire_0-20220920004845829_2tmp"/>
    <property name="jdk.debug" value="release"/>
    <property name="surefire.test.class.path" value="C:\Users\AtulKumar.Sharma\eclipse-workspace\myProject\target\test-classes;C:\Users\AtulKumar.Sharma\eclipse-workspace\myProject\target\classes;C:\Users\AtulKumar.Sharma\.m2\repository\org\testng\testng\7.6.1\testng-7.6.1.jar;C:\Users\AtulKumar.Sharma\.m2\repository\com\google\code\findbugs\jsr305\3.0.2\jsr305-3.0.2.jar;C:\Users\AtulKumar.Sharma\.m2\repository\org\slf4j\slf4j-api\1.7.36\slf4j-api-1.7.36.jar;C:\Users\AtulKumar.Sharma\.m2\repository\com\beust\jcommander\1.82\jcommander-1.82.jar;C:\Users\AtulKumar.Sharma\.m2\repository\org\webjars\jquery\3.6.0\jquery-3.6.0.jar;C:\Users\AtulKumar.Sharma\.m2\repository\io\cucumber\cucumber-java\7.8.0\cucumber-java-7.8.0.jar;C:\Users\AtulKumar.Sharma\.m2\repository\io\cucumber\cucumber-core\7.8.0\cucumber-core-7.8.0.jar;C:\Users\AtulKumar.Sharma\.m2\repository\io\cucumber\cucumber-gherkin\7.8.0\cucumber-gherkin-7.8.0.jar;C:\Users\AtulKumar.Sharma\.m2\repository\io\cucumber\cucumber-gherkin-messages\7.8.0\cucumber-gherkin-messages-7.8.0.jar;C:\Users\AtulKumar.Sharma\.m2\repository\io\cucumber\gherkin\24.0.0\gherkin-24.0.0.jar;C:\Users\AtulKumar.Sharma\.m2\repository\io\cucumber\messages\19.1.2\messages-19.1.2.jar;C:\Users\AtulKumar.Sharma\.m2\repository\io\cucumber\tag-expressions\4.1.0\tag-expressions-4.1.0.jar;C:\Users\AtulKumar.Sharma\.m2\repository\io\cucumber\cucumber-expressions\16.0.0\cucumber-expressions-16.0.0.jar;C:\Users\AtulKumar.Sharma\.m2\repository\io\cucumber\datatable\7.8.0\datatable-7.8.0.jar;C:\Users\AtulKumar.Sharma\.m2\repository\io\cucumber\cucumber-plugin\7.8.0\cucumber-plugin-7.8.0.jar;C:\Users\AtulKumar.Sharma\.m2\repository\io\cucumber\docstring\7.8.0\docstring-7.8.0.jar;C:\Users\AtulKumar.Sharma\.m2\repository\io\cucumber\html-formatter\20.1.0\html-formatter-20.1.0.jar;C:\Users\AtulKumar.Sharma\.m2\repository\io\cucumber\ci-environment\9.1.0\ci-environment-9.1.0.jar;C:\Users\AtulKumar.Sharma\.m2\repository\org\apiguardian\apiguardian-api\1.1.2\apiguardian-api-1.1.2.jar;"/>
    <property name="sun.cpu.endian" value="little"/>
    <property name="user.home" value="C:\Users\AtulKumar.Sharma"/>
    <property name="user.language" value="en"/>
    <property name="java.specification.vendor" value="Oracle Corporation"/>
    <property name="java.version.date" value="2021-10-19"/>
    <property name="java.home" value="C:\Program Files\Java\jdk-17.0.1"/>
    <property name="file.separator" value="\"/>
    <property name="basedir" value="C:\Users\AtulKumar.Sharma\eclipse-workspace\myProject"/>
    <property name="java.vm.compressedOopsMode" value="Zero based"/>
    <property name="line.separator" value="&#10;"/>
    <property name="java.vm.specification.vendor" value="Oracle Corporation"/>
    <property name="java.specification.name" value="Java Platform API Specification"/>
    <property name="surefire.real.class.path" value="C:\Users\AtulKumar.Sharma\AppData\Local\Temp\surefire12538337909933322056\surefirebooter-20220920004845829_3.jar"/>
    <property name="user.script" value=""/>
    <property name="sun.management.compiler" value="HotSpot 64-Bit Tiered Compilers"/>
    <property name="java.runtime.version" value="17.0.1+12-LTS-39"/>
    <property name="user.name" value="AtulKumar.Sharma"/>
    <property name="path.separator" value=";"/>
    <property name="os.version" value="10.0"/>
    <property name="java.runtime.name" value="Java(TM) SE Runtime Environment"/>
    <property name="file.encoding" value="Cp1252"/>
    <property name="java.vm.name" value="Java HotSpot(TM) 64-Bit Server VM"/>
    <property name="localRepository" value="C:\Users\AtulKumar.Sharma\.m2\repository"/>
    <property name="java.vendor.url.bug" value="https://bugreport.java.com/bugreport/"/>
    <property name="java.io.tmpdir" value="C:\Users\ATULKU~1.SHA\AppData\Local\Temp\"/>
    <property name="java.version" value="17.0.1"/>
    <property name="user.dir" value="C:\Users\AtulKumar.Sharma\eclipse-workspace\myProject"/>
    <property name="os.arch" value="amd64"/>
    <property name="java.vm.specification.name" value="Java Virtual Machine Specification"/>
    <property name="sun.os.patch.level" value=""/>
    <property name="native.encoding" value="Cp1252"/>
    <property name="java.library.path" value="C:\Program Files\Java\jdk-17.0.1\bin;C:\Windows\Sun\Java\bin;C:\Windows\system32;C:\Windows;C:\Program Files\Common Files\Oracle\Java\javapath;C:\Windows\system32;C:\Windows;C:\Windows\System32\Wbem;C:\Windows\System32\WindowsPowerShell\v1.0\;C:\Windows\System32\OpenSSH\;C:\Program Files (x86)\Microsoft SQL Server\150\DTS\Binn\;C:\Program Files\Azure Data Studio\bin;C:\Program Files\nodejs\;%ANDROID_HOME%;%GRADLE_HOME%\bin;%GIT_HOME%\bin;%ANDROID_HOME%\platform-tools;%ANDROID_HOME%\tools;%JAVA_HOME%\bin;%JAVA_HOME%;%JRE_HOME%\bin;%ANDROID_HOME%\platform-tools\adb.exe;%ANDROID_HOME%\platforms;%ANDROID_HOME%\build-tools;%ANDROID_HOME%\emulator;C:\Users\AtulKumar.Sharma\AppData\Local\Programs\Python\Python310\Scripts\;C:\Users\AtulKumar.Sharma\AppData\Local\Programs\Python\Python310\;C:\Users\AtulKumar.Sharma\AppData\Local\Microsoft\WindowsApps;C:\Users\AtulKumar.Sharma\AppData\Roaming\npm;C:\Users\AtulKumar.Sharma\AppData\Local\Programs\Microsoft VS Code\bin;C:\Users\AtulKumar.Sharma\AppData\Local\Programs\Git\cmd;C:\Users\AtulKumar.Sharma\AppData\Local\JetBrains\PyCharm Community Edition 2022.1.2\bin;;C:\Users\AtulKumar.Sharma\Downloads\geckodriver-v0.31.0-win64;;."/>
    <property name="java.vm.info" value="mixed mode, sharing"/>
    <property name="java.vendor" value="Oracle Corporation"/>
    <property name="java.vm.version" value="17.0.1+12-LTS-39"/>
    <property name="sun.io.unicode.encoding" value="UnicodeLittle"/>
    <property name="java.class.version" value="61.0"/>
  </properties>
  <testcase name="test1" classname="myProject.myTest1" time="0.007">
    <system-out><![CDATA[Hi, I'm in test1
]]></system-out>
    <system-err><![CDATA[SLF4J: Failed to load class "org.slf4j.impl.StaticLoggerBinder".
SLF4J: Defaulting to no-operation (NOP) logger implementation
SLF4J: See http://www.slf4j.org/codes.html#StaticLoggerBinder for further details.
]]></system-err>
  </testcase>
  <testcase name="test1a" classname="myProject.myTest1" time="0.002">
    <system-out><![CDATA[Hi, I'm in test1a
]]></system-out>
  </testcase>
  <testcase name="test2" classname="myProject.myTest2" time="0.003">
    <system-out><![CDATA[Hi, I'm in test2
]]></system-out>
  </testcase>
  <testcase name="test3" classname="myProject.myTest3" time="0.001">
    <system-out><![CDATA[Hi, I'm in test3
]]></system-out>
  </testcase>
</testsuite>