<?xml version="1.0" encoding="UTF-8"?>
<!-- Generated by org.testng.reporters.JUnitReportReporter -->
<testsuite hostname="BBL8P644F3" failures="0" tests="3" name="myProject.myTest1" time="0.019" errors="0" timestamp="2022-09-21T18:03:37 EDT" skipped="0">
  <testcase classname="myProject.myTest1" name="Manju" time="0.007"/>
  <system-out/>
  <testcase classname="myProject.myTest1" name="Dhani" time="0.004"/>
  <system-out/>
  <testcase classname="myProject.myTest1" name="Atul" time="0.008"/>
  <system-out/>
</testsuite> <!-- myProject.myTest1 -->
