<?xml version="1.0" encoding="UTF-8"?>
<!-- Generated by org.testng.reporters.JUnitReportReporter -->
<testsuite hostname="BBL8P644F3" failures="0" tests="2" name="myProject.myTest2" time="0.009" errors="0" timestamp="2022-09-21T18:03:37 EDT" skipped="0">
  <testcase classname="myProject.myTest2" name="test11" time="0.008"/>
  <system-out/>
  <testcase classname="myProject.myTest2" name="test2" time="0.001"/>
  <system-out/>
</testsuite> <!-- myProject.myTest2 -->
