<?xml version="1.0" encoding="UTF-8"?>
<!-- Generated by org.testng.reporters.JUnitReportReporter -->
<testsuite hostname="BBL8P644F3" failures="0" tests="1" name="myProject.myTest3" time="0.000" errors="0" timestamp="2022-09-21T18:03:37 EDT" skipped="1">
  <testcase classname="myProject.myTest3" name="useJsonData" time="0.000">
    <skipped/>
  </testcase> <!-- useJsonData -->
  <system-out/>
</testsuite> <!-- myProject.myTest3 -->
