<?xml version="1.0" encoding="UTF-8"?>
<!-- Generated by org.testng.reporters.JUnitReportReporter -->
<testsuite hostname="BBL8P644F3" failures="0" tests="2" name="myProject.myTest1" time="0.005" errors="0" timestamp="2022-09-20T00:48:46 EDT" skipped="0">
  <testcase classname="myProject.myTest1" name="test1a" time="0.000"/>
  <system-out/>
  <testcase classname="myProject.myTest1" name="test1" time="0.005"/>
  <system-out/>
</testsuite> <!-- myProject.myTest1 -->
