<?xml version="1.0" encoding="UTF-8"?>
<!-- Generated by org.testng.reporters.JUnitReportReporter -->
<testsuite hostname="BBL8P644F3" failures="0" tests="1" name="myProject.myTest3" time="0.000" errors="0" timestamp="2022-09-20T00:48:46 EDT" skipped="0">
  <testcase classname="myProject.myTest3" name="test3" time="0.000"/>
  <system-out/>
</testsuite> <!-- myProject.myTest3 -->
